  lab6.cpp
C:\Users\Usuario\Desktop\upf\5y\2trim\IS\ComputerAnimation\ComputerAnimation\src\shading\mesh.h(22,17): warning C4305: 'inicializando': truncamiento de 'double' a 'float'
C:\Users\Usuario\Desktop\upf\5y\2trim\IS\ComputerAnimation\ComputerAnimation\src\shading\mesh.h(23,18): warning C4305: 'inicializando': truncamiento de 'double' a 'float'
C:\Program Files (x86)\Windows Kits\10\Include\10.0.19041.0\shared\minwindef.h(130,1): warning C4005: 'APIENTRY': redefinición de macro
C:\Users\Usuario\Desktop\upf\5y\2trim\IS\ComputerAnimation\Dependencies\GLFW\include\GLFW\glfw3.h(123): message : vea la definición anterior de 'APIENTRY'
C:\Users\Usuario\Desktop\upf\5y\2trim\IS\ComputerAnimation\ComputerAnimation\src\external\nuklear_utils.h(164,55): warning C4244: 'argumento': conversión de 'int' a 'float'; posible pérdida de datos
C:\Users\Usuario\Desktop\upf\5y\2trim\IS\ComputerAnimation\ComputerAnimation\src\external\nuklear_utils.h(164,48): warning C4244: 'argumento': conversión de 'int' a 'float'; posible pérdida de datos
C:\Users\Usuario\Desktop\upf\5y\2trim\IS\ComputerAnimation\ComputerAnimation\src\external\nuklear_utils.h(164,45): warning C4244: 'argumento': conversión de 'int' a 'float'; posible pérdida de datos
C:\Users\Usuario\Desktop\upf\5y\2trim\IS\ComputerAnimation\ComputerAnimation\src\external\nuklear_utils.h(164,42): warning C4244: 'argumento': conversión de 'int' a 'float'; posible pérdida de datos
C:\Users\Usuario\Desktop\upf\5y\2trim\IS\ComputerAnimation\ComputerAnimation\src\lab6.cpp(103,34): warning C4305: 'argumento': truncamiento de 'double' a 'T'
          with
          [
              T=float
          ]
C:\Users\Usuario\Desktop\upf\5y\2trim\IS\ComputerAnimation\ComputerAnimation\src\lab6.cpp(109,36): warning C4305: 'argumento': truncamiento de 'double' a 'T'
          with
          [
              T=float
          ]
C:\Users\Usuario\Desktop\upf\5y\2trim\IS\ComputerAnimation\ComputerAnimation\src\lab6.cpp(115,32): warning C4305: 'argumento': truncamiento de 'double' a 'T'
          with
          [
              T=float
          ]
C:\Users\Usuario\Desktop\upf\5y\2trim\IS\ComputerAnimation\ComputerAnimation\src\lab6.cpp(121,35): warning C4305: 'argumento': truncamiento de 'double' a 'T'
          with
          [
              T=float
          ]
C:\Users\Usuario\Desktop\upf\5y\2trim\IS\ComputerAnimation\ComputerAnimation\src\lab6.cpp(127,35): warning C4305: 'argumento': truncamiento de 'double' a 'T'
          with
          [
              T=float
          ]
C:\Users\Usuario\Desktop\upf\5y\2trim\IS\ComputerAnimation\ComputerAnimation\src\lab6.cpp(133,35): warning C4305: 'argumento': truncamiento de 'double' a 'T'
          with
          [
              T=float
          ]
C:\Users\Usuario\Desktop\upf\5y\2trim\IS\ComputerAnimation\ComputerAnimation\src\lab6.cpp(152,45): warning C4244: 'argumento': conversión de 'unsigned int' a 'T'; posible pérdida de datos
          with
          [
              T=float
          ]
C:\Users\Usuario\Desktop\upf\5y\2trim\IS\ComputerAnimation\ComputerAnimation\src\lab6.cpp(153,47): warning C4244: 'argumento': conversión de 'unsigned int' a 'T'; posible pérdida de datos
          with
          [
              T=float
          ]
C:\Users\Usuario\Desktop\upf\5y\2trim\IS\ComputerAnimation\ComputerAnimation\src\lab6.cpp(154,45): warning C4244: 'argumento': conversión de 'unsigned int' a 'T'; posible pérdida de datos
          with
          [
              T=float
          ]
C:\Users\Usuario\Desktop\upf\5y\2trim\IS\ComputerAnimation\ComputerAnimation\src\lab6.cpp(155,46): warning C4244: 'argumento': conversión de 'unsigned int' a 'T'; posible pérdida de datos
          with
          [
              T=float
          ]
C:\Users\Usuario\Desktop\upf\5y\2trim\IS\ComputerAnimation\ComputerAnimation\src\lab6.cpp(156,43): warning C4244: 'argumento': conversión de 'unsigned int' a 'T'; posible pérdida de datos
          with
          [
              T=float
          ]
C:\Users\Usuario\Desktop\upf\5y\2trim\IS\ComputerAnimation\ComputerAnimation\src\lab6.cpp(157,45): warning C4244: 'argumento': conversión de 'unsigned int' a 'T'; posible pérdida de datos
          with
          [
              T=float
          ]
C:\Users\Usuario\Desktop\upf\5y\2trim\IS\ComputerAnimation\ComputerAnimation\src\lab6.cpp(158,42): warning C4244: 'argumento': conversión de 'unsigned int' a 'T'; posible pérdida de datos
          with
          [
              T=float
          ]
C:\Users\Usuario\Desktop\upf\5y\2trim\IS\ComputerAnimation\ComputerAnimation\src\lab6.cpp(225,66): warning C4305: 'argumento': truncamiento de 'double' a 'float'
C:\Users\Usuario\Desktop\upf\5y\2trim\IS\ComputerAnimation\ComputerAnimation\src\lab6.cpp(244,94): warning C4267: 'argumento': conversión de 'size_t' a 'const T'; posible pérdida de datos
          with
          [
              T=int
          ]
C:\Users\Usuario\Desktop\upf\5y\2trim\IS\ComputerAnimation\ComputerAnimation\src\lab6.cpp(257,99): warning C4267: 'argumento': conversión de 'size_t' a 'const T'; posible pérdida de datos
          with
          [
              T=int
          ]
C:\Users\Usuario\Desktop\upf\5y\2trim\IS\ComputerAnimation\ComputerAnimation\src\lab6.cpp(388,27): warning C4244: 'inicializando': conversión de 'T' a 'int'; posible pérdida de datos
          with
          [
              T=float
          ]
C:\Users\Usuario\Desktop\upf\5y\2trim\IS\ComputerAnimation\ComputerAnimation\src\lab6.cpp(428,32): warning C4244: 'argumento': conversión de 'double' a 'float'; posible pérdida de datos
C:\Users\Usuario\Desktop\upf\5y\2trim\IS\ComputerAnimation\ComputerAnimation\src\lab6.cpp(429,32): warning C4244: 'argumento': conversión de 'double' a 'float'; posible pérdida de datos
C:\Users\Usuario\Desktop\upf\5y\2trim\IS\ComputerAnimation\ComputerAnimation\src\lab6.cpp(432,28): warning C4244: '+=': conversión de 'double' a 'float'; posible pérdida de datos
C:\Users\Usuario\Desktop\upf\5y\2trim\IS\ComputerAnimation\ComputerAnimation\src\lab6.cpp(433,28): warning C4244: '-=': conversión de 'double' a 'float'; posible pérdida de datos
C:\Users\Usuario\Desktop\upf\5y\2trim\IS\ComputerAnimation\ComputerAnimation\src\lab6.cpp(434,31): warning C4244: '+=': conversión de 'double' a 'float'; posible pérdida de datos
C:\Users\Usuario\Desktop\upf\5y\2trim\IS\ComputerAnimation\ComputerAnimation\src\lab6.cpp(435,31): warning C4244: '-=': conversión de 'double' a 'float'; posible pérdida de datos
C:\Users\Usuario\Desktop\upf\5y\2trim\IS\ComputerAnimation\ComputerAnimation\src\lab6.cpp(464,69): warning C4305: 'argumento': truncamiento de 'double' a 'float'
C:\Users\Usuario\Desktop\upf\5y\2trim\IS\ComputerAnimation\ComputerAnimation\src\lab6.cpp(465,69): warning C4305: 'argumento': truncamiento de 'double' a 'float'
C:\Users\Usuario\Desktop\upf\5y\2trim\IS\ComputerAnimation\ComputerAnimation\src\lab6.cpp(466,69): warning C4305: 'argumento': truncamiento de 'double' a 'float'
C:\Users\Usuario\Desktop\upf\5y\2trim\IS\ComputerAnimation\ComputerAnimation\src\lab6.cpp(471,68): warning C4305: 'argumento': truncamiento de 'double' a 'float'
C:\Users\Usuario\Desktop\upf\5y\2trim\IS\ComputerAnimation\ComputerAnimation\src\lab6.cpp(472,68): warning C4305: 'argumento': truncamiento de 'double' a 'float'
C:\Users\Usuario\Desktop\upf\5y\2trim\IS\ComputerAnimation\ComputerAnimation\src\lab6.cpp(473,68): warning C4305: 'argumento': truncamiento de 'double' a 'float'
C:\Users\Usuario\Desktop\upf\5y\2trim\IS\ComputerAnimation\ComputerAnimation\src\lab6.cpp(474,68): warning C4305: 'argumento': truncamiento de 'double' a 'float'
C:\Users\Usuario\Desktop\upf\5y\2trim\IS\ComputerAnimation\ComputerAnimation\src\lab6.cpp(480,73): warning C4305: 'argumento': truncamiento de 'double' a 'float'
C:\Users\Usuario\Desktop\upf\5y\2trim\IS\ComputerAnimation\ComputerAnimation\src\lab6.cpp(519,96): warning C4305: 'argumento': truncamiento de 'double' a 'float'
C:\Users\Usuario\Desktop\upf\5y\2trim\IS\ComputerAnimation\ComputerAnimation\src\lab6.cpp(542,106): warning C4305: 'argumento': truncamiento de 'double' a 'float'
C:\Users\Usuario\Desktop\upf\5y\2trim\IS\ComputerAnimation\ComputerAnimation\src\lab6.cpp(554,80): warning C4305: 'argumento': truncamiento de 'double' a 'float'
C:\Users\Usuario\Desktop\upf\5y\2trim\IS\ComputerAnimation\ComputerAnimation\src\lab6.cpp(555,80): warning C4305: 'argumento': truncamiento de 'double' a 'float'
C:\Users\Usuario\Desktop\upf\5y\2trim\IS\ComputerAnimation\ComputerAnimation\src\lab6.cpp(556,80): warning C4305: 'argumento': truncamiento de 'double' a 'float'
C:\Users\Usuario\Desktop\upf\5y\2trim\IS\ComputerAnimation\ComputerAnimation\src\lab6.cpp(575,31): warning C4244: '=': conversión de 'float' a 'int'; posible pérdida de datos
C:\Users\Usuario\Desktop\upf\5y\2trim\IS\ComputerAnimation\ComputerAnimation\src\lab6.cpp(579,67): warning C4244: 'argumento': conversión de 'int' a 'float'; posible pérdida de datos
C:\Users\Usuario\Desktop\upf\5y\2trim\IS\ComputerAnimation\ComputerAnimation\src\lab6.cpp(579,56): warning C4244: 'argumento': conversión de 'double' a 'float'; posible pérdida de datos
C:\Users\Usuario\Desktop\upf\5y\2trim\IS\ComputerAnimation\ComputerAnimation\src\lab6.cpp(580,64): warning C4244: 'argumento': conversión de 'int' a 'float'; posible pérdida de datos
C:\Users\Usuario\Desktop\upf\5y\2trim\IS\ComputerAnimation\ComputerAnimation\src\lab6.cpp(580,59): warning C4244: 'argumento': conversión de 'double' a 'float'; posible pérdida de datos
C:\Users\Usuario\Desktop\upf\5y\2trim\IS\ComputerAnimation\ComputerAnimation\src\lab6.cpp(589,116): warning C4244: 'argumento': conversión de 'double' a 'float'; posible pérdida de datos
C:\Users\Usuario\Desktop\upf\5y\2trim\IS\ComputerAnimation\ComputerAnimation\src\lab6.cpp(589,76): warning C4244: 'argumento': conversión de 'double' a 'float'; posible pérdida de datos
C:\Users\Usuario\Desktop\upf\5y\2trim\IS\ComputerAnimation\ComputerAnimation\src\lab6.cpp(590,81): warning C4244: 'argumento': conversión de 'double' a 'float'; posible pérdida de datos
C:\Users\Usuario\Desktop\upf\5y\2trim\IS\ComputerAnimation\ComputerAnimation\src\lab6.cpp(590,45): warning C4244: 'argumento': conversión de 'double' a 'float'; posible pérdida de datos
C:\Users\Usuario\Desktop\upf\5y\2trim\IS\ComputerAnimation\ComputerAnimation\src\lab6.cpp(594,131): warning C4244: 'argumento': conversión de 'double' a 'float'; posible pérdida de datos
C:\Users\Usuario\Desktop\upf\5y\2trim\IS\ComputerAnimation\ComputerAnimation\src\lab6.cpp(594,84): warning C4244: 'argumento': conversión de 'double' a 'float'; posible pérdida de datos
C:\Users\Usuario\Desktop\upf\5y\2trim\IS\ComputerAnimation\ComputerAnimation\src\lab6.cpp(595,89): warning C4244: 'argumento': conversión de 'double' a 'float'; posible pérdida de datos
C:\Users\Usuario\Desktop\upf\5y\2trim\IS\ComputerAnimation\ComputerAnimation\src\lab6.cpp(595,46): warning C4244: 'argumento': conversión de 'double' a 'float'; posible pérdida de datos
C:\Users\Usuario\Desktop\upf\5y\2trim\IS\ComputerAnimation\ComputerAnimation\src\lab6.cpp(606,37): warning C4267: 'inicializando': conversión de 'size_t' a 'int'; posible pérdida de datos
C:\Users\Usuario\Desktop\upf\5y\2trim\IS\ComputerAnimation\ComputerAnimation\src\lab6.cpp(606,37): warning C4267: 'inicializando': conversión de 'size_t' a 'const int'; posible pérdida de datos
C:\Users\Usuario\Desktop\upf\5y\2trim\IS\ComputerAnimation\ComputerAnimation\src\lab6.cpp(635,37): warning C4244: '=': conversión de 'int' a '_Ty'; posible pérdida de datos
          with
          [
              _Ty=float
          ]
C:\Users\Usuario\Desktop\upf\5y\2trim\IS\ComputerAnimation\ComputerAnimation\src\lab6.cpp(636,41): warning C4244: '=': conversión de 'double' a '_Ty'; posible pérdida de datos
          with
          [
              _Ty=float
          ]
C:\Users\Usuario\Desktop\upf\5y\2trim\IS\ComputerAnimation\ComputerAnimation\src\lab6.cpp(651,29): warning C4018: '<': no coinciden signed/unsigned
C:\Users\Usuario\Desktop\upf\5y\2trim\IS\ComputerAnimation\ComputerAnimation\src\lab6.cpp(652,30): warning C4018: '<': no coinciden signed/unsigned
C:\Users\Usuario\Desktop\upf\5y\2trim\IS\ComputerAnimation\ComputerAnimation\src\lab6.cpp(661,19): warning C4244: 'inicializando': conversión de 'unsigned int' a 'float'; posible pérdida de datos
C:\Users\Usuario\Desktop\upf\5y\2trim\IS\ComputerAnimation\ComputerAnimation\src\lab6.cpp(662,31): warning C4244: 'argumento': conversión de 'float' a 'const unsigned __int64'; posible pérdida de datos
C:\Users\Usuario\Desktop\upf\5y\2trim\IS\ComputerAnimation\ComputerAnimation\src\lab6.cpp(663,43): warning C4244: 'argumento': conversión de 'float' a 'const unsigned __int64'; posible pérdida de datos
C:\Users\Usuario\Desktop\upf\5y\2trim\IS\ComputerAnimation\ComputerAnimation\src\lab6.cpp(666,13): warning C4244: 'argumento': conversión de 'float' a 'const unsigned __int64'; posible pérdida de datos
C:\Users\Usuario\Desktop\upf\5y\2trim\IS\ComputerAnimation\ComputerAnimation\src\lab6.cpp(740,18): warning C4244: 'inicializando': conversión de 'double' a 'float'; posible pérdida de datos
C:\Program Files\Microsoft Visual Studio\2022\Community\VC\Tools\MSVC\14.33.31629\include\xutility(4519,24): warning C4244: '=': conversión de 'const _Ty' a 'float'; posible pérdida de datos
          with
          [
              _Ty=int
          ]
C:\Users\Usuario\Desktop\upf\5y\2trim\IS\ComputerAnimation\ComputerAnimation\src\lab6.cpp(375): message : Vea la referencia a la creación de una instancia de la función plantilla "void std::fill<std::_Vector_iterator<std::_Vector_val<std::_Simple_types<_Ty>>>,int>(const _FwdIt,const _FwdIt,const int &)" que se está compilando
          with
          [
              _Ty=float,
              _FwdIt=std::_Vector_iterator<std::_Vector_val<std::_Simple_types<float>>>
          ]
C:\Users\Usuario\Desktop\upf\5y\2trim\IS\ComputerAnimation\ComputerAnimation\src\math\vec2.h(27,18): warning C4244: 'return': conversión de 'double' a 'float'; posible pérdida de datos
C:\Users\Usuario\Desktop\upf\5y\2trim\IS\ComputerAnimation\ComputerAnimation\src\lab6.cpp(627): message : Vea la referencia a la creación de una instancia de la función plantilla "float distance<float>(const TVec2<float> &,const TVec2<float> &)" que se está compilando
C:\Program Files\Microsoft Visual Studio\2022\Community\VC\Tools\MSVC\14.33.31629\include\xutility(4519,24): warning C4244: '=': conversión de 'const _Ty' a 'float'; posible pérdida de datos
          with
          [
              _Ty=double
          ]
C:\Users\Usuario\Desktop\upf\5y\2trim\IS\ComputerAnimation\ComputerAnimation\src\lab6.cpp(647): message : Vea la referencia a la creación de una instancia de la función plantilla "void std::fill<std::_Vector_iterator<std::_Vector_val<std::_Simple_types<_Ty>>>,double>(const _FwdIt,const _FwdIt,const double &)" que se está compilando
          with
          [
              _Ty=float,
              _FwdIt=std::_Vector_iterator<std::_Vector_val<std::_Simple_types<float>>>
          ]
  mesh.cpp
C:\Users\Usuario\Desktop\upf\5y\2trim\IS\ComputerAnimation\ComputerAnimation\src\shading\mesh.h(22,17): warning C4305: 'inicializando': truncamiento de 'double' a 'float'
C:\Users\Usuario\Desktop\upf\5y\2trim\IS\ComputerAnimation\ComputerAnimation\src\shading\mesh.h(23,18): warning C4305: 'inicializando': truncamiento de 'double' a 'float'
C:\Users\Usuario\Desktop\upf\5y\2trim\IS\ComputerAnimation\ComputerAnimation\src\shading\mesh.cpp(137,42): warning C4267: 'inicializando': conversión de 'size_t' a 'int'; posible pérdida de datos
C:\Users\Usuario\Desktop\upf\5y\2trim\IS\ComputerAnimation\ComputerAnimation\src\shading\mesh.cpp(162,42): warning C4267: 'inicializando': conversión de 'size_t' a 'unsigned int'; posible pérdida de datos
C:\Users\Usuario\Desktop\upf\5y\2trim\IS\ComputerAnimation\ComputerAnimation\src\shading\mesh.cpp(273,47): warning C4267: 'argumento': conversión de 'size_t' a 'unsigned int'; posible pérdida de datos
C:\Users\Usuario\Desktop\upf\5y\2trim\IS\ComputerAnimation\ComputerAnimation\src\shading\mesh.cpp(282,70): warning C4267: 'argumento': conversión de 'size_t' a 'unsigned int'; posible pérdida de datos
  Generando código...
  ComputerAnimation.vcxproj -> C:\Users\Usuario\Desktop\upf\5y\2trim\IS\ComputerAnimation\x64\Debug\ComputerAnimation.exe
